Demo/mediationAdapters/TTAdapter/build/intermediates/manifest_merge_blame_file/unionNoPluginRelease/manifest-merger-blame-union-noPlugin-release-report.txt
1<?xml version="1.0" encoding="utf-8"?>
2<manifest xmlns:android="http://schemas.android.com/apk/res/android"
3    package="com.qq.e.union.tt"
4    android:versionCode="1"
5    android:versionName="1.0" >
6
7    <uses-sdk
8        android:minSdkVersion="16"
8-->src/main/AndroidManifest.xml
9        android:targetSdkVersion="28" />
9-->src/main/AndroidManifest.xml
10
11    <!-- 必要权限 -->
12    <uses-permission android:name="android.permission.INTERNET" />
12-->src/main/AndroidManifest.xml:6:5-67
12-->src/main/AndroidManifest.xml:6:22-64
13
14    <!-- 必要权限，解决安全风险漏洞，发送和注册广播事件需要调用带有传递权限的接口 -->
15    <permission
15-->src/main/AndroidManifest.xml:9:5-11:47
16        android:name="${applicationId}.openadsdk.permission.TT_PANGOLIN"
16-->src/main/AndroidManifest.xml:10:9-73
17        android:protectionLevel="signature" />
17-->src/main/AndroidManifest.xml:11:9-44
18
19    <!-- 可选权限 -->
20    <uses-permission android:name="${applicationId}.openadsdk.permission.TT_PANGOLIN" />
20-->src/main/AndroidManifest.xml:14:5-89
20-->src/main/AndroidManifest.xml:14:22-86
21    <uses-permission android:name="android.permission.READ_PHONE_STATE" />
21-->src/main/AndroidManifest.xml:15:5-75
21-->src/main/AndroidManifest.xml:15:22-72
22    <uses-permission android:name="android.permission.ACCESS_NETWORK_STATE" />
22-->src/main/AndroidManifest.xml:16:5-79
22-->src/main/AndroidManifest.xml:16:22-76
23    <uses-permission android:name="android.permission.WRITE_EXTERNAL_STORAGE" />
23-->src/main/AndroidManifest.xml:17:5-81
23-->src/main/AndroidManifest.xml:17:22-78
24    <uses-permission android:name="android.permission.ACCESS_WIFI_STATE" />
24-->src/main/AndroidManifest.xml:18:5-76
24-->src/main/AndroidManifest.xml:18:22-73
25    <uses-permission android:name="android.permission.ACCESS_COARSE_LOCATION" />
25-->src/main/AndroidManifest.xml:19:5-81
25-->src/main/AndroidManifest.xml:19:22-78
26    <uses-permission android:name="android.permission.REQUEST_INSTALL_PACKAGES" />
26-->src/main/AndroidManifest.xml:20:5-83
26-->src/main/AndroidManifest.xml:20:22-80
27
28    <!-- 可选，穿山甲提供“获取地理位置权限”和“不给予地理位置权限，开发者传入地理位置参数”两种方式上报用户位置，两种方式均可不选，添加位置权限或参数将帮助投放定位广告 -->
29    <!-- 请注意：无论通过何种方式提供给穿山甲用户地理位置，均需向用户声明地理位置权限将应用于穿山甲广告投放，穿山甲不强制获取地理位置信息 -->
30    <uses-permission android:name="android.permission.GET_TASKS" />
30-->src/main/AndroidManifest.xml:24:5-68
30-->src/main/AndroidManifest.xml:24:22-65
31
32    <!-- 如果视频广告使用textureView播放，请务必添加，否则黑屏 -->
33    <uses-permission android:name="android.permission.ACCESS_FINE_LOCATION" />
33-->src/main/AndroidManifest.xml:27:5-79
33-->src/main/AndroidManifest.xml:27:22-76
34
35    <!-- demo场景用到的权限，不是必须的 -->
36    <uses-permission android:name="android.permission.WAKE_LOCK" />
36-->src/main/AndroidManifest.xml:30:5-68
36-->src/main/AndroidManifest.xml:30:22-65
37    <uses-permission android:name="android.permission.RECEIVE_USER_PRESENT" />
37-->src/main/AndroidManifest.xml:31:5-79
37-->src/main/AndroidManifest.xml:31:22-76
38    <uses-permission android:name="android.permission.SYSTEM_ALERT_WINDOW" />
38-->src/main/AndroidManifest.xml:32:5-78
38-->src/main/AndroidManifest.xml:32:22-75
39
40    <!-- 穿山甲3400版本新增：建议添加“query_all_package”权限，穿山甲将通过此权限在Android R系统上判定广告对应的应用是否在用户的app上安装，避免投放错误的广告，以此提高用户的广告体验。若添加此权限，需要在您的用户隐私文档中声明！ -->
41    <uses-permission android:name="android.permission.EXPAND_STATUS_BAR" />
41-->src/main/AndroidManifest.xml:35:5-76
41-->src/main/AndroidManifest.xml:35:22-73
42    <uses-permission android:name="android.permission.QUERY_ALL_PACKAGES" />
42-->src/main/AndroidManifest.xml:37:5-77
42-->src/main/AndroidManifest.xml:37:22-74
43
44    <application>
44-->src/main/AndroidManifest.xml:39:5-56:19
45        <provider
45-->src/main/AndroidManifest.xml:41:9-49:20
46            android:name="com.bytedance.sdk.openadsdk.TTFileProvider"
46-->src/main/AndroidManifest.xml:42:13-70
47            android:authorities="${applicationId}.TTFileProvider"
47-->src/main/AndroidManifest.xml:43:13-66
48            android:exported="false"
48-->src/main/AndroidManifest.xml:44:13-37
49            android:grantUriPermissions="true" >
49-->src/main/AndroidManifest.xml:45:13-47
50            <meta-data
50-->src/main/AndroidManifest.xml:46:13-48:57
51                android:name="android.support.FILE_PROVIDER_PATHS"
51-->src/main/AndroidManifest.xml:47:17-67
52                android:resource="@xml/tt_file_paths" />
52-->src/main/AndroidManifest.xml:48:17-54
53        </provider>
54        <provider
54-->src/main/AndroidManifest.xml:51:9-54:40
55            android:name="com.bytedance.sdk.openadsdk.multipro.TTMultiProvider"
55-->src/main/AndroidManifest.xml:52:13-80
56            android:authorities="${applicationId}.TTMultiProvider"
56-->src/main/AndroidManifest.xml:53:13-67
57            android:exported="false" />
57-->src/main/AndroidManifest.xml:54:13-37
58    </application>
59
60</manifest>